<?xml version="1.0" encoding="UTF-8"?>
<!-- Generated by org.testng.reporters.JUnitReportReporter -->
<testsuite skipped="0" hostname="Jimiait" name="git.GitHub" tests="2" failures="0" timestamp="2022-07-27T01:34:22 CDT" time="13.318" errors="0">
  <testcase name="logCustomer" time="9.342" classname="git.GitHub"/>
  <system-out/>
  <testcase name="loginTest" time="3.976" classname="git.GitHub"/>
  <system-out/>
</testsuite> <!-- git.GitHub -->
